<?xml version="1.0" encoding="UTF-8"?>
<!-- Generated by org.testng.reporters.JUnitReportReporter -->
<testsuite skipped="0" hostname="WKMIN4122399" name="com.crm.qa.testcases.PropertyPageTest" tests="2" failures="0" timestamp="07 Apr 2019 08:18:35 GMT" time="39.708" errors="0">
  <testcase name="Property_values_Test" time="17.539" classname="com.crm.qa.testcases.PropertyPageTest"/>
  <testcase name="click_5thElement_Test" time="22.169" classname="com.crm.qa.testcases.PropertyPageTest"/>
</testsuite> <!-- com.crm.qa.testcases.PropertyPageTest -->
