<?xml version="1.0" encoding="UTF-8"?>
<!-- Generated by org.testng.reporters.JUnitReportReporter -->
<testsuite skipped="0" hostname="WKMIN4122399" name="com.crm.qa.testcases.property_detailsPageTest" tests="4" failures="0" timestamp="07 Apr 2019 08:18:35 GMT" time="81.209" errors="0">
  <testcase name="Agent_Name_test" time="27.178" classname="com.crm.qa.testcases.property_detailsPageTest"/>
  <testcase name="Agent_Number_test" time="17.161" classname="com.crm.qa.testcases.property_detailsPageTest"/>
  <testcase name="Agent_Logo_test" time="18.600" classname="com.crm.qa.testcases.property_detailsPageTest"/>
  <testcase name="validate_Agent_Logo_test" time="18.270" classname="com.crm.qa.testcases.property_detailsPageTest"/>
</testsuite> <!-- com.crm.qa.testcases.property_detailsPageTest -->
