<?xml version="1.0" encoding="UTF-8"?>
<!-- Generated by org.testng.reporters.JUnitReportReporter -->
<testsuite skipped="0" hostname="WKMIN4122399" name="com.crm.qa.testcases.Agent_DetailsPageTest" tests="1" failures="0" timestamp="07 Apr 2019 08:18:35 GMT" time="27.050" errors="0">
  <testcase name="validateAgentNametest" time="27.050" classname="com.crm.qa.testcases.Agent_DetailsPageTest"/>
</testsuite> <!-- com.crm.qa.testcases.Agent_DetailsPageTest -->
